<?xml version="1.0" encoding="UTF-8"?>
<!-- Generated by org.testng.reporters.JUnitReportReporter -->
<testsuite hostname="Arun_pal" failures="0" tests="23" name="runner.Runner" time="132.911" errors="0" timestamp="2023-05-06T12:58:25 IST" skipped="0">
  <testcase classname="runner.Runner" name="runScenario" time="3.283"/>
  <system-out/>
  <testcase classname="runner.Runner" name="runScenario" time="6.603"/>
  <system-out/>
  <testcase classname="runner.Runner" name="runScenario" time="6.921"/>
  <system-out/>
  <testcase classname="runner.Runner" name="runScenario" time="6.541"/>
  <system-out/>
  <testcase classname="runner.Runner" name="runScenario" time="2.563"/>
  <system-out/>
  <testcase classname="runner.Runner" name="runScenario" time="2.692"/>
  <system-out/>
  <testcase classname="runner.Runner" name="runScenario" time="5.921"/>
  <system-out/>
  <testcase classname="runner.Runner" name="runScenario" time="2.232"/>
  <system-out/>
  <testcase classname="runner.Runner" name="runScenario" time="2.577"/>
  <system-out/>
  <testcase classname="runner.Runner" name="runScenario" time="6.725"/>
  <system-out/>
  <testcase classname="runner.Runner" name="runScenario" time="3.460"/>
  <system-out/>
  <testcase classname="runner.Runner" name="runScenario" time="7.830"/>
  <system-out/>
  <testcase classname="runner.Runner" name="runScenario" time="5.063"/>
  <system-out/>
  <testcase classname="runner.Runner" name="runScenario" time="3.795"/>
  <system-out/>
  <testcase classname="runner.Runner" name="runScenario" time="27.991"/>
  <system-out/>
  <testcase classname="runner.Runner" name="runScenario" time="2.903"/>
  <system-out/>
  <testcase classname="runner.Runner" name="runScenario" time="2.812"/>
  <system-out/>
  <testcase classname="runner.Runner" name="runScenario" time="6.696"/>
  <system-out/>
  <testcase classname="runner.Runner" name="runScenario" time="3.545"/>
  <system-out/>
  <testcase classname="runner.Runner" name="runScenario" time="3.001"/>
  <system-out/>
  <testcase classname="runner.Runner" name="runScenario" time="7.471"/>
  <system-out/>
  <testcase classname="runner.Runner" name="runScenario" time="5.927"/>
  <system-out/>
  <testcase classname="runner.Runner" name="runScenario" time="6.359"/>
  <system-out/>
</testsuite> <!-- runner.Runner -->
