<?xml version="1.0" encoding="UTF-8"?>
<!-- Generated by org.testng.reporters.JUnitReportReporter -->
<testsuite hostname="Arun_pal" failures="0" tests="1" name="runner.Runner" time="15.693" errors="0" timestamp="2023-05-10T22:59:10 IST" skipped="0">
  <testcase classname="runner.Runner" name="runScenario" time="15.693"/>
  <system-out/>
</testsuite> <!-- runner.Runner -->
