<?xml version="1.0" encoding="UTF-8"?>
<!-- Generated by org.testng.reporters.JUnitReportReporter -->
<testsuite hostname="DESKTOP-6B3H2H8" failures="0" tests="1" name="runner.Runner" time="5.310" errors="0" timestamp="2023-05-01T16:12:33 IST" skipped="0">
  <testcase classname="runner.Runner" name="runScenario" time="5.310"/>
  <system-out/>
</testsuite> <!-- runner.Runner -->
