<?xml version="1.0" encoding="UTF-8"?>
<!-- Generated by org.testng.reporters.JUnitReportReporter -->
<testsuite hostname="Arun_pal" failures="0" tests="1" name="runner.Runner" time="4.371" errors="0" timestamp="2023-04-13T22:53:00 IST" skipped="0">
  <testcase classname="runner.Runner" name="runScenario" time="4.371"/>
  <system-out/>
</testsuite> <!-- runner.Runner -->
