<?xml version="1.0" encoding="UTF-8"?>
<!-- Generated by org.testng.reporters.JUnitReportReporter -->
<testsuite hostname="Arun_pal" failures="0" tests="2" name="tpack.LoginTest" time="24.434" errors="0" timestamp="2023-04-13T21:46:06 IST" skipped="0">
  <testcase classname="tpack.LoginTest" name="login" time="7.143"/>
  <system-out/>
  <testcase classname="tpack.LoginTest" name="login" time="17.291"/>
  <system-out/>
</testsuite> <!-- tpack.LoginTest -->
