<?xml version="1.0" encoding="UTF-8"?>
<!-- Generated by org.testng.reporters.JUnitReportReporter -->
<testsuite hostname="Arun_pal" failures="0" tests="4" name="tpack.LoginTest" time="47.219" errors="0" timestamp="2023-05-09T22:20:16 IST" skipped="0">
  <testcase classname="tpack.LoginTest" name="login" time="3.062"/>
  <system-out/>
  <testcase classname="tpack.LoginTest" name="login" time="12.677"/>
  <system-out/>
  <testcase classname="tpack.LoginTest" name="login" time="18.610"/>
  <system-out/>
  <testcase classname="tpack.LoginTest" name="login" time="12.870"/>
  <system-out/>
</testsuite> <!-- tpack.LoginTest -->
