<?xml version="1.0" encoding="UTF-8"?>
<!-- Generated by org.testng.reporters.JUnitReportReporter -->
<testsuite hostname="Arun_pal" failures="0" tests="2" name="tpack.LoginTest" time="23.426" errors="0" timestamp="2023-04-28T22:58:24 IST" skipped="0">
  <testcase classname="tpack.LoginTest" name="login" time="17.053"/>
  <system-out/>
  <testcase classname="tpack.LoginTest" name="login" time="6.373"/>
  <system-out/>
</testsuite> <!-- tpack.LoginTest -->
