<?xml version="1.0" encoding="UTF-8"?>
<!-- Generated by org.testng.reporters.JUnitReportReporter -->
<testsuite hostname="Arun_pal" failures="0" tests="1" name="tpack.BookAnItemTest" time="25.044" errors="0" timestamp="2023-04-28T22:58:24 IST" skipped="0">
  <testcase classname="tpack.BookAnItemTest" name="bookingPhone" time="25.044"/>
  <system-out/>
</testsuite> <!-- tpack.BookAnItemTest -->
