<?xml version="1.0" encoding="UTF-8"?>
<!-- Generated by org.testng.reporters.JUnitReportReporter -->
<testsuite hostname="Arun_pal" failures="0" tests="4" name="tpack.LoginTest" time="44.256" errors="0" timestamp="2023-05-09T23:11:42 IST" skipped="0">
  <testcase classname="tpack.LoginTest" name="login" time="12.935"/>
  <system-out/>
  <testcase classname="tpack.LoginTest" name="login" time="13.876"/>
  <system-out/>
  <testcase classname="tpack.LoginTest" name="login" time="14.146"/>
  <system-out/>
  <testcase classname="tpack.LoginTest" name="login" time="3.299"/>
  <system-out/>
</testsuite> <!-- tpack.LoginTest -->
